f:\c++\贪吃蛇\贪吃蛇\debug\vc140.pdb
f:\c++\贪吃蛇\贪吃蛇\debug\vc140.idb
f:\c++\贪吃蛇\贪吃蛇\debug\apple.obj
f:\c++\贪吃蛇\贪吃蛇\debug\background.obj
f:\c++\贪吃蛇\贪吃蛇\debug\snake.obj
f:\c++\贪吃蛇\贪吃蛇\debug\snakeapp.obj
f:\c++\贪吃蛇\贪吃蛇\debug\源.obj
f:\c++\贪吃蛇\debug\贪吃蛇.ilk
f:\c++\贪吃蛇\debug\贪吃蛇.exe
f:\c++\贪吃蛇\debug\贪吃蛇.pdb
f:\c++\贪吃蛇\贪吃蛇\debug\贪吃蛇.res
f:\c++\贪吃蛇\贪吃蛇\debug\贪吃蛇.tlog\cl.command.1.tlog
f:\c++\贪吃蛇\贪吃蛇\debug\贪吃蛇.tlog\cl.read.1.tlog
f:\c++\贪吃蛇\贪吃蛇\debug\贪吃蛇.tlog\cl.write.1.tlog
f:\c++\贪吃蛇\贪吃蛇\debug\贪吃蛇.tlog\link.command.1.tlog
f:\c++\贪吃蛇\贪吃蛇\debug\贪吃蛇.tlog\link.read.1.tlog
f:\c++\贪吃蛇\贪吃蛇\debug\贪吃蛇.tlog\link.write.1.tlog
f:\c++\贪吃蛇\贪吃蛇\debug\贪吃蛇.tlog\rc.command.1.tlog
f:\c++\贪吃蛇\贪吃蛇\debug\贪吃蛇.tlog\rc.read.1.tlog
f:\c++\贪吃蛇\贪吃蛇\debug\贪吃蛇.tlog\rc.write.1.tlog
